<?xml version="1.0" encoding="UTF-8"?>
<!-- Generated by org.testng.reporters.JUnitReportReporter -->
<testsuite skipped="0" hostname="PTP-LT-66C6T02" name="CucumberWithTestNG.CucumberWithTestNG.CucumberRunner" tests="1" failures="0" timestamp="05 Jun 2018 10:55:18 GMT" time="6.326" errors="0">
  <testcase name="feature" time="6.326" classname="CucumberWithTestNG.CucumberWithTestNG.CucumberRunner"/>
</testsuite> <!-- CucumberWithTestNG.CucumberWithTestNG.CucumberRunner -->
