<?xml version="1.0" encoding="UTF-8"?>
<!-- Generated by org.testng.reporters.JUnitReportReporter -->
<testsuite skipped="0" hostname="PTP-LT-66C6T02" name="CucumberWithTestNG.CucumberWithTestNG.CucumberRunner" tests="1" failures="0" timestamp="21 Apr 2018 11:22:25 GMT" time="4.346" errors="0">
  <testcase name="feature" time="4.346" classname="CucumberWithTestNG.CucumberWithTestNG.CucumberRunner"/>
</testsuite> <!-- CucumberWithTestNG.CucumberWithTestNG.CucumberRunner -->
