<?xml version="1.0" encoding="UTF-8"?>
<!-- Generated by org.testng.reporters.JUnitReportReporter -->
<testsuite skipped="0" hostname="PTP-LT-66C6T02" name="com.Vendorly.API.com.APITesting.GetAllActiveEmployeeForAGivenVendor" tests="4" failures="0" timestamp="23 Mar 2018 10:03:50 GMT" time="6.249" errors="0">
  <testcase name="validateEmpNoAndIAMIDIsSame" time="2.474" classname="com.Vendorly.API.com.APITesting.GetAllActiveEmployeeForAGivenVendor"/>
  <testcase name="GetInclusiveVendorTypes" time="1.777" classname="com.Vendorly.API.com.APITesting.GetAllActiveEmployeeForAGivenVendor"/>
  <testcase name="getActiveEmp" time="0.686" classname="com.Vendorly.API.com.APITesting.GetAllActiveEmployeeForAGivenVendor"/>
  <testcase name="getEmpIDForAVendor" time="1.312" classname="com.Vendorly.API.com.APITesting.GetAllActiveEmployeeForAGivenVendor"/>
</testsuite> <!-- com.Vendorly.API.com.APITesting.GetAllActiveEmployeeForAGivenVendor -->
