<?xml version="1.0" encoding="UTF-8"?>
<!-- Generated by org.testng.reporters.JUnitReportReporter -->
<testsuite skipped="0" hostname="PTP-LT-66C6T02" name="com.JsonAssertExample.JSONAssertExample" tests="1" failures="0" timestamp="25 Mar 2018 13:27:57 GMT" time="2.026" errors="0">
  <testcase name="getStudentList" time="2.026" classname="com.JsonAssertExample.JSONAssertExample"/>
</testsuite> <!-- com.JsonAssertExample.JSONAssertExample -->
