<?xml version="1.0" encoding="UTF-8"?>
<!-- Generated by org.testng.reporters.JUnitReportReporter -->
<testsuite skipped="0" hostname="PTP-LT-66C6T02" name="walmartAPI.SearchJSONPathExamples" tests="9" failures="0" timestamp="18 Apr 2018 17:59:51 GMT" time="16.194" errors="0">
  <testcase name="itemSize" time="1.462" classname="walmartAPI.SearchJSONPathExamples"/>
  <testcase name="getResponseTime" time="1.127" classname="walmartAPI.SearchJSONPathExamples"/>
  <testcase name="getSalePriceOfItem" time="1.413" classname="walmartAPI.SearchJSONPathExamples"/>
  <testcase name="validateNoOfItems" time="1.444" classname="walmartAPI.SearchJSONPathExamples"/>
  <testcase name="getItemName" time="1.420" classname="walmartAPI.SearchJSONPathExamples"/>
  <testcase name="allNamesInItems" time="4.069" classname="walmartAPI.SearchJSONPathExamples"/>
  <testcase name="allValuesInAParticularNode" time="1.574" classname="walmartAPI.SearchJSONPathExamples"/>
  <testcase name="getItemGiftOptions" time="2.084" classname="walmartAPI.SearchJSONPathExamples"/>
  <testcase name="getNoOfItems" time="1.601" classname="walmartAPI.SearchJSONPathExamples"/>
</testsuite> <!-- walmartAPI.SearchJSONPathExamples -->
