<?xml version="1.0" encoding="UTF-8"?>
<!-- Generated by org.testng.reporters.JUnitReportReporter -->
<testsuite skipped="0" hostname="PTP-LT-66C6T02" name="tests.Expedia" tests="1" failures="0" timestamp="06 Mar 2018 03:43:09 GMT" time="43.169" errors="0">
  <testcase name="hotelReservation" time="43.169" classname="tests.Expedia"/>
</testsuite> <!-- tests.Expedia -->
