<?xml version="1.0" encoding="UTF-8"?>
<!-- Generated by org.testng.reporters.JUnitReportReporter -->
<testsuite skipped="0" hostname="PTP-LT-66C6T02" name="SmokeTests.ValidateCheckOutLink" tests="1" failures="0" timestamp="31 Jan 2018 13:09:02 GMT" time="8.562" errors="0">
  <testcase name="verifyCheckOutLink" time="8.562" classname="SmokeTests.ValidateCheckOutLink"/>
</testsuite> <!-- SmokeTests.ValidateCheckOutLink -->
