<?xml version="1.0" encoding="UTF-8"?>
<!-- Generated by org.testng.reporters.JUnitReportReporter -->
<testsuite skipped="0" hostname="PTP-LT-66C6T02" name="SmokeTests.ATagsTest" tests="2" failures="0" timestamp="31 Jan 2018 13:09:02 GMT" time="39.784" errors="0">
  <testcase name="findATags" time="30.936" classname="SmokeTests.ATagsTest"/>
  <testcase name="verifyCheckOutLink" time="8.848" classname="SmokeTests.ATagsTest"/>
</testsuite> <!-- SmokeTests.ATagsTest -->
