<?xml version="1.0" encoding="UTF-8"?>
<!-- Generated by org.testng.reporters.JUnitReportReporter -->
<testsuite skipped="0" hostname="PTP-LT-66C6T02" name="tests.CheckOutXLSDDT" tests="2" failures="0" timestamp="07 Apr 2018 11:58:49 GMT" time="75.662" errors="0">
  <testcase name="checkOut" time="33.868" classname="tests.CheckOutXLSDDT"/>
  <testcase name="checkOut" time="41.794" classname="tests.CheckOutXLSDDT"/>
</testsuite> <!-- tests.CheckOutXLSDDT -->
