<?xml version="1.0" encoding="UTF-8"?>
<!-- Generated by org.testng.reporters.JUnitReportReporter -->
<testsuite skipped="0" hostname="PTP-LT-66C6T02" name="com.Vendorly.API.APITests.IncliusiveCreateVendorType" tests="1" failures="0" timestamp="08 Apr 2018 12:37:59 GMT" time="1.638" errors="0">
  <testcase name="CreateInclusiveVendorTypes" time="1.638" classname="com.Vendorly.API.APITests.IncliusiveCreateVendorType"/>
</testsuite> <!-- com.Vendorly.API.APITests.IncliusiveCreateVendorType -->
