<?xml version="1.0" encoding="UTF-8"?>
<!-- Generated by org.testng.reporters.JUnitReportReporter -->
<testsuite skipped="0" hostname="PTP-LT-66C6T02" name="com.Vendorly.API.APITests.GetHeaders" tests="1" failures="0" timestamp="09 Apr 2018 14:00:33 GMT" time="2.243" errors="0">
  <testcase name="getData" time="2.243" classname="com.Vendorly.API.APITests.GetHeaders"/>
</testsuite> <!-- com.Vendorly.API.APITests.GetHeaders -->
