<?xml version="1.0" encoding="UTF-8"?>
<!-- Generated by org.testng.reporters.JUnitReportReporter -->
<testsuite skipped="0" hostname="PTP-LT-66C6T02" name="com.Vendorly.API.APITests.GetVendorEmpdetails" tests="3" failures="0" timestamp="18 Apr 2018 05:14:46 GMT" time="4.420" errors="0">
  <testcase name="GetInclusiveVendorTypes" time="2.206" classname="com.Vendorly.API.APITests.GetVendorEmpdetails"/>
  <testcase name="getActiveEmp" time="1.464" classname="com.Vendorly.API.APITests.GetVendorEmpdetails"/>
  <testcase name="getEmpIDForAVendor" time="0.750" classname="com.Vendorly.API.APITests.GetVendorEmpdetails"/>
</testsuite> <!-- com.Vendorly.API.APITests.GetVendorEmpdetails -->
