<?xml version="1.0" encoding="UTF-8"?>
<!-- Generated by org.testng.reporters.JUnitReportReporter -->
<testsuite skipped="1" hostname="PTP-LT-66C6T02" name="com.Vendorly.API.APITests.ValidateGetAPIWithDataProvider" tests="1" failures="0" timestamp="09 Apr 2018 14:21:34 GMT" time="0.000" errors="0">
  <testcase name="VerifyInclusiveTypewithPositiveData" time="0.000" classname="com.Vendorly.API.APITests.ValidateGetAPIWithDataProvider">
    <skipped/>
  </testcase> <!-- VerifyInclusiveTypewithPositiveData -->
</testsuite> <!-- com.Vendorly.API.APITests.ValidateGetAPIWithDataProvider -->
