<?xml version="1.0" encoding="UTF-8"?>
<!-- Generated by org.testng.reporters.JUnitReportReporter -->
<testsuite skipped="0" hostname="PTP-LT-66C6T02" name="com.Vendorly.API.APITests.ValidateVendorTypes" tests="3" failures="0" timestamp="27 Mar 2018 09:01:36 GMT" time="4.899" errors="0">
  <testcase name="retrieveInclusiveVendorTypes" time="0.754" classname="com.Vendorly.API.APITests.ValidateVendorTypes"/>
  <testcase name="GetInclusiveVendorTypes" time="2.254" classname="com.Vendorly.API.APITests.ValidateVendorTypes"/>
  <testcase name="ValidateInclusiveVendorTypes" time="1.891" classname="com.Vendorly.API.APITests.ValidateVendorTypes"/>
</testsuite> <!-- com.Vendorly.API.APITests.ValidateVendorTypes -->
