<?xml version="1.0" encoding="UTF-8"?>
<!-- Generated by org.testng.reporters.JUnitReportReporter -->
<testsuite skipped="0" hostname="PTP-LT-66C6T02" name="com.Vendorly.API.APITests.GetProperties" tests="1" failures="0" timestamp="17 Apr 2018 04:53:42 GMT" time="0.043" errors="0">
  <testcase name="buildHeader" time="0.043" classname="com.Vendorly.API.APITests.GetProperties"/>
</testsuite> <!-- com.Vendorly.API.APITests.GetProperties -->
