<?xml version="1.0" encoding="UTF-8"?>
<!-- Generated by org.testng.reporters.JUnitReportReporter -->
<testsuite skipped="0" hostname="PTP-LT-66C6T02" name="com.PassionTea.testcases.CheckOutPageTest" tests="3" failures="0" timestamp="03 May 2018 16:43:40 GMT" time="63.840" errors="0">
  <testcase name="checkoutPageTitleTest" time="20.753" classname="com.PassionTea.testcases.CheckOutPageTest"/>
  <testcase name="validateCreateNewCheckOut" time="19.315" classname="com.PassionTea.testcases.CheckOutPageTest"/>
  <testcase name="validateCreateNewCheckOut" time="23.772" classname="com.PassionTea.testcases.CheckOutPageTest"/>
</testsuite> <!-- com.PassionTea.testcases.CheckOutPageTest -->
