<?xml version="1.0" encoding="UTF-8"?>
<!-- Generated by org.testng.reporters.JUnitReportReporter -->
<testsuite skipped="0" hostname="PTP-LT-66C6T02" name="com.PassionTea.testcases.WelcomePageTest" tests="2" failures="0" timestamp="03 May 2018 16:43:40 GMT" time="35.526" errors="0">
  <testcase name="welcomePageTitleTest" time="18.238" classname="com.PassionTea.testcases.WelcomePageTest"/>
  <testcase name="herbalTeaImgTest" time="17.288" classname="com.PassionTea.testcases.WelcomePageTest"/>
</testsuite> <!-- com.PassionTea.testcases.WelcomePageTest -->
