<?xml version="1.0" encoding="UTF-8"?>
<!-- Generated by org.testng.reporters.JUnitReportReporter -->
<testsuite skipped="0" hostname="PTP-LT-66C6T02" name="com.PassionTea.testcases.MenuPageTest" tests="2" failures="0" timestamp="03 May 2018 16:43:40 GMT" time="35.808" errors="0">
  <testcase name="verifyMenuPageTitle" time="18.896" classname="com.PassionTea.testcases.MenuPageTest"/>
  <testcase name="verifyCheckout1Link" time="16.912" classname="com.PassionTea.testcases.MenuPageTest"/>
</testsuite> <!-- com.PassionTea.testcases.MenuPageTest -->
