<?xml version="1.0" encoding="UTF-8"?>
<!-- Generated by org.testng.reporters.JUnitReportReporter -->
<testsuite skipped="0" hostname="PTP-LT-66C6T02" name="Demo.JqueryDateCalendar" tests="1" failures="0" timestamp="03 Jun 2018 13:47:40 GMT" time="17.969" errors="0">
  <testcase name="fromSelectDate" time="17.969" classname="Demo.JqueryDateCalendar"/>
</testsuite> <!-- Demo.JqueryDateCalendar -->
