<?xml version="1.0" encoding="UTF-8"?>
<!-- Generated by org.testng.reporters.JUnitReportReporter -->
<testsuite skipped="0" hostname="PTP-LT-66C6T02" name="Demo.RightClick" tests="1" failures="0" timestamp="25 May 2018 16:26:09 GMT" time="10.777" errors="0">
  <testcase name="performRtClick" time="10.777" classname="Demo.RightClick"/>
</testsuite> <!-- Demo.RightClick -->
