<?xml version="1.0" encoding="UTF-8"?>
<!-- Generated by org.testng.reporters.JUnitReportReporter -->
<testsuite skipped="0" hostname="PTP-LT-66C6T02" name="Demo.ReadJson" tests="1" failures="0" timestamp="06 Jun 2018 01:16:43 GMT" time="0.051" errors="0">
  <testcase name="fetchUpdatejSON" time="0.051" classname="Demo.ReadJson"/>
</testsuite> <!-- Demo.ReadJson -->
