<?xml version="1.0" encoding="UTF-8"?>
<!-- Generated by org.testng.reporters.JUnitReportReporter -->
<testsuite skipped="0" hostname="PTP-LT-66C6T02" name="Demo.ChromeBrowserCapability" tests="1" failures="0" timestamp="27 May 2018 12:48:04 GMT" time="9.917" errors="0">
  <testcase name="setIECapabiity" time="9.917" classname="Demo.ChromeBrowserCapability"/>
</testsuite> <!-- Demo.ChromeBrowserCapability -->
