<?xml version="1.0" encoding="UTF-8"?>
<!-- Generated by org.testng.reporters.JUnitReportReporter -->
<testsuite skipped="0" hostname="PTP-LT-66C6T02" name="Demo.DynamicLoadning" tests="1" failures="0" timestamp="28 May 2018 08:35:34 GMT" time="10.572" errors="0">
  <testcase name="getDynamicValues" time="10.572" classname="Demo.DynamicLoadning"/>
</testsuite> <!-- Demo.DynamicLoadning -->
