<?xml version="1.0" encoding="UTF-8"?>
<!-- Generated by org.testng.reporters.JUnitReportReporter -->
<testsuite skipped="0" hostname="PTP-LT-66C6T02" name="Demo.RadioButton" tests="1" failures="0" timestamp="25 May 2018 17:37:53 GMT" time="12.138" errors="0">
  <testcase name="selectRadioButton" time="12.138" classname="Demo.RadioButton"/>
</testsuite> <!-- Demo.RadioButton -->
