<?xml version="1.0" encoding="UTF-8"?>
<!-- Generated by org.testng.reporters.JUnitReportReporter -->
<testsuite skipped="0" hostname="PTP-LT-66C6T02" name="Demo.DynamicWebTable" tests="1" failures="0" timestamp="02 Jun 2018 12:17:17 GMT" time="13.373" errors="0">
  <testcase name="readDataTableValues" time="13.373" classname="Demo.DynamicWebTable"/>
</testsuite> <!-- Demo.DynamicWebTable -->
