<?xml version="1.0" encoding="UTF-8"?>
<!-- Generated by org.testng.reporters.JUnitReportReporter -->
<testsuite skipped="0" hostname="PTP-LT-66C6T02" name="Demo.StringManipulation" tests="1" failures="0" timestamp="24 May 2018 17:03:54 GMT" time="0.016" errors="0">
  <testcase name="getString" time="0.016" classname="Demo.StringManipulation"/>
</testsuite> <!-- Demo.StringManipulation -->
