<?xml version="1.0" encoding="UTF-8"?>
<!-- Generated by org.testng.reporters.JUnitReportReporter -->
<testsuite skipped="0" hostname="PTP-LT-66C6T02" name="Demo.CheckBox" tests="1" failures="0" timestamp="26 May 2018 10:22:53 GMT" time="13.239" errors="0">
  <testcase name="selectCheckBox" time="13.239" classname="Demo.CheckBox"/>
</testsuite> <!-- Demo.CheckBox -->
