<?xml version="1.0" encoding="UTF-8"?>
<!-- Generated by org.testng.reporters.JUnitReportReporter -->
<testsuite skipped="0" hostname="PTP-LT-66C6T02" name="Demo.WindowPopUP" tests="1" failures="0" timestamp="25 May 2018 08:09:14 GMT" time="5.404" errors="0">
  <testcase name="getChildWindowPopUp" time="5.404" classname="Demo.WindowPopUP"/>
</testsuite> <!-- Demo.WindowPopUP -->
