<?xml version="1.0" encoding="UTF-8"?>
<!-- Generated by org.testng.reporters.JUnitReportReporter -->
<testsuite skipped="0" hostname="PTP-LT-66C6T02" name="Demo.ExportCSV" tests="1" failures="0" timestamp="24 May 2018 11:41:44 GMT" time="6.837" errors="0">
  <testcase name="testExportAllRecords" time="6.837" classname="Demo.ExportCSV"/>
</testsuite> <!-- Demo.ExportCSV -->
