<?xml version="1.0" encoding="UTF-8"?>
<!-- Generated by org.testng.reporters.JUnitReportReporter -->
<testsuite skipped="0" hostname="PTP-LT-66C6T02" name="Demo.DragAndDrop" tests="1" failures="0" timestamp="26 May 2018 12:04:46 GMT" time="9.024" errors="0">
  <testcase name="moveFromTo" time="9.024" classname="Demo.DragAndDrop"/>
</testsuite> <!-- Demo.DragAndDrop -->
