<?xml version="1.0" encoding="UTF-8"?>
<!-- Generated by org.testng.reporters.JUnitReportReporter -->
<testsuite skipped="0" hostname="PTP-LT-66C6T02" name="Demo.SelectDate" tests="1" failures="0" timestamp="02 Jun 2018 13:34:19 GMT" time="9.442" errors="0">
  <testcase name="selectDate" time="9.442" classname="Demo.SelectDate"/>
</testsuite> <!-- Demo.SelectDate -->
