<?xml version="1.0" encoding="UTF-8"?>
<!-- Generated by org.testng.reporters.JUnitReportReporter -->
<testsuite skipped="0" hostname="PTP-LT-66C6T02" name="Demo.GetPrice" tests="1" failures="0" timestamp="22 May 2018 16:59:37 GMT" time="73.321" errors="0">
  <testcase name="getPriceFromeCommSite" time="73.321" classname="Demo.GetPrice"/>
</testsuite> <!-- Demo.GetPrice -->
