<?xml version="1.0" encoding="UTF-8"?>
<!-- Generated by org.testng.reporters.JUnitReportReporter -->
<testsuite skipped="0" hostname="PTP-LT-66C6T02" name="Demo.PDFParse" tests="1" failures="0" timestamp="24 May 2018 18:01:17 GMT" time="8.498" errors="0">
  <testcase name="start" time="8.498" classname="Demo.PDFParse"/>
</testsuite> <!-- Demo.PDFParse -->
