<?xml version="1.0" encoding="UTF-8"?>
<!-- Generated by org.testng.reporters.JUnitReportReporter -->
<testsuite skipped="0" hostname="PTP-LT-66C6T02" name="Demo.ParseNpdateJson" tests="1" failures="0" timestamp="29 May 2018 10:15:06 GMT" time="0.026" errors="0">
  <testcase name="fetchUpdatejSON" time="0.026" classname="Demo.ParseNpdateJson"/>
</testsuite> <!-- Demo.ParseNpdateJson -->
