<?xml version="1.0" encoding="UTF-8"?>
<!-- Generated by org.testng.reporters.JUnitReportReporter -->
<testsuite skipped="0" hostname="PTP-LT-66C6T02" name="Demo.UpdateJson" tests="1" failures="0" timestamp="29 May 2018 13:50:16 GMT" time="0.024" errors="0">
  <testcase name="writejSON" time="0.024" classname="Demo.UpdateJson"/>
</testsuite> <!-- Demo.UpdateJson -->
